<?xml version="1.0" encoding="UTF-8"?>
<!-- Generated by org.testng.reporters.JUnitReportReporter -->
<testsuite skipped="0" hostname="DESKTOP-GBQT2QC" name="javareviited.array.Average_array" tests="1" failures="0" timestamp="21 Aug 2017 10:59:26 GMT" time="12.016" errors="0">
  <testcase name="dn" time="12.016" classname="javareviited.array.Average_array"/>
</testsuite> <!-- javareviited.array.Average_array -->
